c:\users\tom\documents\saxion\quarter 2.1\c++\finalassesmentc-\final assesment\debug\vc142.pdb
c:\users\tom\documents\saxion\quarter 2.1\c++\finalassesmentc-\final assesment\debug\vc142.idb
c:\users\tom\documents\saxion\quarter 2.1\c++\finalassesmentc-\final assesment\debug\main.obj
c:\users\tom\documents\saxion\quarter 2.1\c++\finalassesmentc-\final assesment\debug\characters.obj
c:\users\tom\documents\saxion\quarter 2.1\c++\finalassesmentc-\final assesment\debug\button.obj
c:\users\tom\documents\saxion\quarter 2.1\c++\finalassesmentc-\final assesment\debug\vcpkg.applocal.log
c:\users\tom\documents\saxion\quarter 2.1\c++\finalassesmentc-\debug\sfml-system-d-2.dll
c:\users\tom\documents\saxion\quarter 2.1\c++\finalassesmentc-\debug\sfml-graphics-d-2.dll
c:\users\tom\documents\saxion\quarter 2.1\c++\finalassesmentc-\debug\sfml-window-d-2.dll
c:\users\tom\documents\saxion\quarter 2.1\c++\finalassesmentc-\debug\freetyped.dll
c:\users\tom\documents\saxion\quarter 2.1\c++\finalassesmentc-\debug\zlibd1.dll
c:\users\tom\documents\saxion\quarter 2.1\c++\finalassesmentc-\debug\bz2d.dll
c:\users\tom\documents\saxion\quarter 2.1\c++\finalassesmentc-\debug\libpng16d.dll
c:\users\tom\documents\saxion\quarter 2.1\c++\finalassesmentc-\debug\final assesment.exe
c:\users\tom\documents\saxion\quarter 2.1\c++\finalassesmentc-\debug\final assesment.ilk
c:\users\tom\documents\saxion\quarter 2.1\c++\finalassesmentc-\debug\final assesment.pdb
c:\users\tom\documents\saxion\quarter 2.1\c++\finalassesmentc-\final assesment\debug\final assesment.tlog\cl.command.1.tlog
c:\users\tom\documents\saxion\quarter 2.1\c++\finalassesmentc-\final assesment\debug\final assesment.tlog\cl.read.1.tlog
c:\users\tom\documents\saxion\quarter 2.1\c++\finalassesmentc-\final assesment\debug\final assesment.tlog\cl.write.1.tlog
c:\users\tom\documents\saxion\quarter 2.1\c++\finalassesmentc-\final assesment\debug\final assesment.tlog\final assesment.write.1u.tlog
c:\users\tom\documents\saxion\quarter 2.1\c++\finalassesmentc-\final assesment\debug\final assesment.tlog\link.command.1.tlog
c:\users\tom\documents\saxion\quarter 2.1\c++\finalassesmentc-\final assesment\debug\final assesment.tlog\link.read.1.tlog
c:\users\tom\documents\saxion\quarter 2.1\c++\finalassesmentc-\final assesment\debug\final assesment.tlog\link.write.1.tlog
