  main.cpp
C:\Users\Tom\Documents\Saxion\Quarter 2.1\C++\FinalAssesmentC-\Final Assesment\main.cpp(11,80): warning C4244: 'argument': conversion from 'T' to 'T', possible loss of data
C:\Users\Tom\Documents\Saxion\Quarter 2.1\C++\FinalAssesmentC-\Final Assesment\main.cpp(11,80): warning C4244:         with
C:\Users\Tom\Documents\Saxion\Quarter 2.1\C++\FinalAssesmentC-\Final Assesment\main.cpp(11,80): warning C4244:         [
C:\Users\Tom\Documents\Saxion\Quarter 2.1\C++\FinalAssesmentC-\Final Assesment\main.cpp(11,80): warning C4244:             T=unsigned int
C:\Users\Tom\Documents\Saxion\Quarter 2.1\C++\FinalAssesmentC-\Final Assesment\main.cpp(11,80): warning C4244:         ]
C:\Users\Tom\Documents\Saxion\Quarter 2.1\C++\FinalAssesmentC-\Final Assesment\main.cpp(11,80): warning C4244:         and
C:\Users\Tom\Documents\Saxion\Quarter 2.1\C++\FinalAssesmentC-\Final Assesment\main.cpp(11,80): warning C4244:         [
C:\Users\Tom\Documents\Saxion\Quarter 2.1\C++\FinalAssesmentC-\Final Assesment\main.cpp(11,80): warning C4244:             T=float
C:\Users\Tom\Documents\Saxion\Quarter 2.1\C++\FinalAssesmentC-\Final Assesment\main.cpp(11,80): warning C4244:         ]
C:\Users\Tom\Documents\Saxion\Quarter 2.1\C++\FinalAssesmentC-\Final Assesment\main.cpp(12,111): warning C4244: 'argument': conversion from 'T' to 'T', possible loss of data
C:\Users\Tom\Documents\Saxion\Quarter 2.1\C++\FinalAssesmentC-\Final Assesment\main.cpp(12,111): warning C4244:         with
C:\Users\Tom\Documents\Saxion\Quarter 2.1\C++\FinalAssesmentC-\Final Assesment\main.cpp(12,111): warning C4244:         [
C:\Users\Tom\Documents\Saxion\Quarter 2.1\C++\FinalAssesmentC-\Final Assesment\main.cpp(12,111): warning C4244:             T=unsigned int
C:\Users\Tom\Documents\Saxion\Quarter 2.1\C++\FinalAssesmentC-\Final Assesment\main.cpp(12,111): warning C4244:         ]
C:\Users\Tom\Documents\Saxion\Quarter 2.1\C++\FinalAssesmentC-\Final Assesment\main.cpp(12,111): warning C4244:         and
C:\Users\Tom\Documents\Saxion\Quarter 2.1\C++\FinalAssesmentC-\Final Assesment\main.cpp(12,111): warning C4244:         [
C:\Users\Tom\Documents\Saxion\Quarter 2.1\C++\FinalAssesmentC-\Final Assesment\main.cpp(12,111): warning C4244:             T=float
C:\Users\Tom\Documents\Saxion\Quarter 2.1\C++\FinalAssesmentC-\Final Assesment\main.cpp(12,111): warning C4244:         ]
  Final Assesment.vcxproj -> C:\Users\Tom\Documents\Saxion\Quarter 2.1\C++\FinalAssesmentC-\Debug\Final Assesment.exe
